[2026-02-10T04:38:16.937584+01:00] app.DEBUG: 여기까지 실행됨 [] []
[2026-02-10T04:38:16.939722+01:00] app.ERROR: 에러 발생 {"id":null} []
[2026-02-10T04:39:11.216761+01:00] app.DEBUG: 여기까지 실행됨 [] []
[2026-02-10T04:39:11.218361+01:00] app.ERROR: 에러 발생 {"id":null} []
[2026-02-10T04:39:50.894140+01:00] app.DEBUG: 여기까지 실행됨 [] []
[2026-02-10T04:39:57.402570+01:00] app.DEBUG: 여기까지 실행됨 [] []
[2026-02-10T04:40:02.343150+01:00] app.DEBUG: 여기까지 실행됨 [] []
[2026-02-10T04:40:02.344384+01:00] app.ERROR: 에러 발생 {"id":null} []
[2026-02-10T04:45:03.736824+01:00] app.ERROR: require_once(C:\xampp\htdocs\www/bootstrap/appasd.php): Failed to open stream: No such file or directory {"file":"C:\\xampp\\htdocs\\www\\auth\\login.php","line":3,"severity":2} []
[2026-02-10T04:45:03.738447+01:00] app.CRITICAL: Failed opening required 'C:\xampp\htdocs\www/bootstrap/appasd.php' (include_path='C:\xampp\php\PEAR') {"file":"C:\\xampp\\htdocs\\www\\auth\\login.php","line":3,"trace":"#0 {main}"} []
[2026-02-10T04:45:04.500358+01:00] app.ERROR: require_once(C:\xampp\htdocs\www/bootstrap/appasd.php): Failed to open stream: No such file or directory {"file":"C:\\xampp\\htdocs\\www\\auth\\login.php","line":3,"severity":2} []
[2026-02-10T04:45:04.501311+01:00] app.CRITICAL: Failed opening required 'C:\xampp\htdocs\www/bootstrap/appasd.php' (include_path='C:\xampp\php\PEAR') {"file":"C:\\xampp\\htdocs\\www\\auth\\login.php","line":3,"trace":"#0 {main}"} []
[2026-02-10T12:53:13.637444+09:00] app.ERROR: Undefined variable $pos {"file":"C:\\xampp\\htdocs\\www\\index.php","line":63,"severity":2} []
[2026-02-10T12:53:13.638718+09:00] app.ERROR: foreach() argument must be of type array|object, null given {"file":"C:\\xampp\\htdocs\\www\\index.php","line":63,"severity":2} []
[2026-02-10T12:57:29.683288+09:00] app.ERROR: Undefined variable $email {"file":"C:\\xampp\\htdocs\\www\\auth\\login_process.php","line":9,"severity":2} []
[2026-02-10T12:58:48.028816+09:00] app.ERROR: Undefined variable $email {"file":"C:\\xampp\\htdocs\\www\\auth\\login_process.php","line":9,"severity":2} []
[2026-02-10T12:58:51.464553+09:00] app.ERROR: Undefined variable $email {"file":"C:\\xampp\\htdocs\\www\\auth\\login_process.php","line":9,"severity":2} []
[2026-02-10T12:58:53.383382+09:00] app.ERROR: Undefined variable $email {"file":"C:\\xampp\\htdocs\\www\\auth\\login_process.php","line":9,"severity":2} []
[2026-02-10T12:59:53.450824+09:00] app.DEBUG: 여기까지 실행됨 [] []
[2026-02-10T12:59:53.452366+09:00] app.ERROR: 에러 발생 {"id":null} []
[2026-02-10T12:59:58.000528+09:00] app.DEBUG: 여기까지 실행됨 [] []
[2026-02-10T12:59:58.001720+09:00] app.ERROR: 에러 발생 {"id":null} []
[2026-02-10T12:59:59.637292+09:00] app.DEBUG: 여기까지 실행됨 [] []
[2026-02-10T12:59:59.638440+09:00] app.ERROR: 에러 발생 {"id":null} []
[2026-02-10T12:59:59.908012+09:00] app.DEBUG: 여기까지 실행됨 [] []
[2026-02-10T12:59:59.912334+09:00] app.ERROR: 에러 발생 {"id":null} []
[2026-02-10T13:00:00.131268+09:00] app.DEBUG: 여기까지 실행됨 [] []
[2026-02-10T13:00:00.132442+09:00] app.ERROR: 에러 발생 {"id":null} []
[2026-02-10T13:01:33.576783+09:00] app.DEBUG: 여기까지 실행됨 [] []
[2026-02-10T13:01:33.578270+09:00] app.ERROR: 에러 발생 {"id":null} []
[2026-02-10T13:01:33.578315+09:00] app.ERROR: 에러 발생 [] []
[2026-02-10T13:01:35.260350+09:00] app.DEBUG: 여기까지 실행됨 [] []
[2026-02-10T13:01:35.261463+09:00] app.ERROR: 에러 발생 {"id":null} []
[2026-02-10T13:01:35.261503+09:00] app.ERROR: 에러 발생 [] []
[2026-02-10T13:01:35.480557+09:00] app.DEBUG: 여기까지 실행됨 [] []
[2026-02-10T13:01:35.481646+09:00] app.ERROR: 에러 발생 {"id":null} []
[2026-02-10T13:01:35.481686+09:00] app.ERROR: 에러 발생 [] []
[2026-02-10T13:01:35.660810+09:00] app.DEBUG: 여기까지 실행됨 [] []
[2026-02-10T13:01:35.661906+09:00] app.ERROR: 에러 발생 {"id":null} []
[2026-02-10T13:01:35.661947+09:00] app.ERROR: 에러 발생 [] []
[2026-02-10T13:01:35.882746+09:00] app.DEBUG: 여기까지 실행됨 [] []
[2026-02-10T13:01:35.883907+09:00] app.ERROR: 에러 발생 {"id":null} []
[2026-02-10T13:01:35.883951+09:00] app.ERROR: 에러 발생 [] []
[2026-02-10T13:01:36.099455+09:00] app.DEBUG: 여기까지 실행됨 [] []
[2026-02-10T13:01:36.101015+09:00] app.ERROR: 에러 발생 {"id":null} []
[2026-02-10T13:01:36.101058+09:00] app.ERROR: 에러 발생 [] []
[2026-02-10T13:01:36.238810+09:00] app.DEBUG: 여기까지 실행됨 [] []
[2026-02-10T13:01:36.239954+09:00] app.ERROR: 에러 발생 {"id":null} []
[2026-02-10T13:01:36.239995+09:00] app.ERROR: 에러 발생 [] []
[2026-02-10T13:01:36.441859+09:00] app.DEBUG: 여기까지 실행됨 [] []
[2026-02-10T13:01:36.442960+09:00] app.ERROR: 에러 발생 {"id":null} []
[2026-02-10T13:01:36.443000+09:00] app.ERROR: 에러 발생 [] []
[2026-02-10T13:01:36.630790+09:00] app.DEBUG: 여기까지 실행됨 [] []
[2026-02-10T13:01:36.631988+09:00] app.ERROR: 에러 발생 {"id":null} []
[2026-02-10T13:01:36.632031+09:00] app.ERROR: 에러 발생 [] []
[2026-02-10T13:03:22.279494+09:00] app.DEBUG: 여기까지 실행됨 [] []
[2026-02-10T13:03:22.280978+09:00] app.ERROR: 에러 발생 {"id":null} []
[2026-02-10T13:03:22.281024+09:00] app.ERROR: 에러 발생 [] []
[2026-02-10T13:03:22.593841+09:00] app.DEBUG: 여기까지 실행됨 [] []
[2026-02-10T13:03:22.595011+09:00] app.ERROR: 에러 발생 {"id":null} []
[2026-02-10T13:03:22.595052+09:00] app.ERROR: 에러 발생 [] []
[2026-02-10T13:03:22.752085+09:00] app.DEBUG: 여기까지 실행됨 [] []
[2026-02-10T13:03:22.753165+09:00] app.ERROR: 에러 발생 {"id":null} []
[2026-02-10T13:03:22.753206+09:00] app.ERROR: 에러 발생 [] []
[2026-02-10T13:03:22.969251+09:00] app.DEBUG: 여기까지 실행됨 [] []
[2026-02-10T13:03:22.970368+09:00] app.ERROR: 에러 발생 {"id":null} []
[2026-02-10T13:03:22.970409+09:00] app.ERROR: 에러 발생 [] []
[2026-02-10T13:03:23.150818+09:00] app.DEBUG: 여기까지 실행됨 [] []
[2026-02-10T13:03:23.151936+09:00] app.ERROR: 에러 발생 {"id":null} []
[2026-02-10T13:03:23.151977+09:00] app.ERROR: 에러 발생 [] []
[2026-02-10T13:03:23.359682+09:00] app.DEBUG: 여기까지 실행됨 [] []
[2026-02-10T13:03:23.360876+09:00] app.ERROR: 에러 발생 {"id":null} []
[2026-02-10T13:03:23.360919+09:00] app.ERROR: 에러 발생 [] []
[2026-02-10T13:03:23.518832+09:00] app.DEBUG: 여기까지 실행됨 [] []
[2026-02-10T13:03:23.519904+09:00] app.ERROR: 에러 발생 {"id":null} []
[2026-02-10T13:03:23.519945+09:00] app.ERROR: 에러 발생 [] []
[2026-02-10T13:03:23.717583+09:00] app.DEBUG: 여기까지 실행됨 [] []
[2026-02-10T13:03:23.718701+09:00] app.ERROR: 에러 발생 {"id":null} []
[2026-02-10T13:03:23.718742+09:00] app.ERROR: 에러 발생 [] []
[2026-02-10T13:03:57.431633+09:00] app.DEBUG: 여기까지 실행됨 [] []
[2026-02-10T13:03:57.432818+09:00] app.ERROR: 에러 발생 {"id":null} []
[2026-02-10T13:03:57.432862+09:00] app.ERROR: 에러 발생 [] []
[2026-02-10T13:04:02.063473+09:00] app.DEBUG: 여기까지 실행됨 [] []
[2026-02-10T13:04:02.064602+09:00] app.ERROR: 에러 발생 {"id":null} []
[2026-02-10T13:04:02.064643+09:00] app.ERROR: 에러 발생 [] []
[2026-02-10T13:04:04.913811+09:00] app.DEBUG: 여기까지 실행됨 [] []
[2026-02-10T13:04:04.914934+09:00] app.ERROR: 에러 발생 {"id":null} []
[2026-02-10T13:04:04.914974+09:00] app.ERROR: 에러 발생 [] []
[2026-02-10T13:04:05.585273+09:00] app.DEBUG: 여기까지 실행됨 [] []
[2026-02-10T13:04:05.586717+09:00] app.ERROR: 에러 발생 {"id":null} []
[2026-02-10T13:04:05.586763+09:00] app.ERROR: 에러 발생 [] []
[2026-02-10T13:04:32.388286+09:00] app.DEBUG: 여기까지 실행됨 [] []
[2026-02-10T13:04:32.389460+09:00] app.ERROR: 에러 발생 {"id":null} []
[2026-02-10T13:04:32.389503+09:00] app.ERROR: 에러 발생 [] []
[2026-02-10T05:04:35.408018+01:00] app.DEBUG: 여기까지 실행됨 [] []
[2026-02-10T05:04:35.409224+01:00] app.ERROR: 에러 발생 {"id":null} []
[2026-02-10T05:04:35.409271+01:00] app.ERROR: 에러 발생 [] []
[2026-02-10T05:04:48.732980+01:00] app.DEBUG: 여기까지 실행됨 [] []
[2026-02-10T05:04:48.734173+01:00] app.ERROR: 에러 발생 {"id":null} []
[2026-02-10T05:04:48.734218+01:00] app.ERROR: 에러 발생 [] []
[2026-02-10T05:05:17.575063+01:00] app.DEBUG: 여기까지 실행됨 [] []
[2026-02-10T05:05:17.576356+01:00] app.ERROR: 에러 발생 {"id":null} []
[2026-02-10T05:05:18.212336+01:00] app.DEBUG: 여기까지 실행됨 [] []
[2026-02-10T05:05:18.213510+01:00] app.ERROR: 에러 발생 {"id":null} []
[2026-02-10T05:05:18.690160+01:00] app.DEBUG: 여기까지 실행됨 [] []
[2026-02-10T05:05:18.691271+01:00] app.ERROR: 에러 발생 {"id":null} []
[2026-02-10T05:05:19.242850+01:00] app.DEBUG: 여기까지 실행됨 [] []
[2026-02-10T05:05:19.244028+01:00] app.ERROR: 에러 발생 {"id":null} []
[2026-02-10T05:05:19.779558+01:00] app.DEBUG: 여기까지 실행됨 [] []
[2026-02-10T05:05:19.780696+01:00] app.ERROR: 에러 발생 {"id":null} []
[2026-02-10T05:05:20.207923+01:00] app.DEBUG: 여기까지 실행됨 [] []
[2026-02-10T05:05:20.209024+01:00] app.ERROR: 에러 발생 {"id":null} []
[2026-02-10T05:05:20.560159+01:00] app.DEBUG: 여기까지 실행됨 [] []
[2026-02-10T05:05:20.561347+01:00] app.ERROR: 에러 발생 {"id":null} []
[2026-02-10T05:07:27.171970+01:00] app.DEBUG: 여기까지 실행됨 [] []
[2026-02-10T05:07:27.173209+01:00] app.ERROR: 에러 발생 {"id":null} []
[2026-02-10T05:07:27.721526+01:00] app.DEBUG: 여기까지 실행됨 [] []
[2026-02-10T05:07:27.722888+01:00] app.ERROR: 에러 발생 {"id":null} []
[2026-02-10T05:07:28.145542+01:00] app.DEBUG: 여기까지 실행됨 [] []
[2026-02-10T05:07:28.146670+01:00] app.ERROR: 에러 발생 {"id":null} []
[2026-02-10T05:07:28.643973+01:00] app.DEBUG: 여기까지 실행됨 [] []
[2026-02-10T05:07:28.645086+01:00] app.ERROR: 에러 발생 {"id":null} []
[2026-02-10T05:07:32.644530+01:00] app.DEBUG: 여기까지 실행됨 [] []
[2026-02-10T05:07:32.645703+01:00] app.ERROR: 에러 발생 {"id":null} []
[2026-02-10T05:07:33.050570+01:00] app.DEBUG: 여기까지 실행됨 [] []
[2026-02-10T05:07:33.051719+01:00] app.ERROR: 에러 발생 {"id":null} []
[2026-02-10T05:07:33.338217+01:00] app.DEBUG: 여기까지 실행됨 [] []
[2026-02-10T05:07:33.339310+01:00] app.ERROR: 에러 발생 {"id":null} []
[2026-02-10T05:07:33.574343+01:00] app.DEBUG: 여기까지 실행됨 [] []
[2026-02-10T05:07:33.575453+01:00] app.ERROR: 에러 발생 {"id":null} []
[2026-02-10T05:07:33.956186+01:00] app.DEBUG: 여기까지 실행됨 [] []
[2026-02-10T05:07:33.957350+01:00] app.ERROR: 에러 발생 {"id":null} []
[2026-02-10T05:07:34.305783+01:00] app.DEBUG: 여기까지 실행됨 [] []
[2026-02-10T05:07:34.306948+01:00] app.ERROR: 에러 발생 {"id":null} []
[2026-02-10T05:07:34.752300+01:00] app.DEBUG: 여기까지 실행됨 [] []
[2026-02-10T05:07:34.753438+01:00] app.ERROR: 에러 발생 {"id":null} []
[2026-02-10T05:07:35.114742+01:00] app.DEBUG: 여기까지 실행됨 [] []
[2026-02-10T05:07:35.115905+01:00] app.ERROR: 에러 발생 {"id":null} []
[2026-02-10T05:08:05.648431+01:00] app.DEBUG: 여기까지 실행됨 [] []
[2026-02-10T05:08:05.649767+01:00] app.ERROR: 에러 발생 {"id":null} []
[2026-02-10T05:08:06.365191+01:00] app.DEBUG: 여기까지 실행됨 [] []
[2026-02-10T05:08:06.366478+01:00] app.ERROR: 에러 발생 {"id":null} []
[2026-02-10T05:08:06.873422+01:00] app.DEBUG: 여기까지 실행됨 [] []
[2026-02-10T05:08:06.874547+01:00] app.ERROR: 에러 발생 {"id":null} []
[2026-02-10T05:08:07.388630+01:00] app.DEBUG: 여기까지 실행됨 [] []
[2026-02-10T05:08:07.389777+01:00] app.ERROR: 에러 발생 {"id":null} []
[2026-02-10T05:08:07.787602+01:00] app.DEBUG: 여기까지 실행됨 [] []
[2026-02-10T05:08:07.788741+01:00] app.ERROR: 에러 발생 {"id":null} []
[2026-02-10T05:08:08.102300+01:00] app.DEBUG: 여기까지 실행됨 [] []
[2026-02-10T05:08:08.103403+01:00] app.ERROR: 에러 발생 {"id":null} []
[2026-02-10T05:08:08.382468+01:00] app.DEBUG: 여기까지 실행됨 [] []
[2026-02-10T05:08:08.383649+01:00] app.ERROR: 에러 발생 {"id":null} []
[2026-02-10T05:08:08.664404+01:00] app.DEBUG: 여기까지 실행됨 [] []
[2026-02-10T05:08:08.665557+01:00] app.ERROR: 에러 발생 {"id":null} []
[2026-02-10T05:08:08.930554+01:00] app.DEBUG: 여기까지 실행됨 [] []
[2026-02-10T05:08:08.931727+01:00] app.ERROR: 에러 발생 {"id":null} []
[2026-02-10T05:08:09.181070+01:00] app.DEBUG: 여기까지 실행됨 [] []
[2026-02-10T05:08:09.182217+01:00] app.ERROR: 에러 발생 {"id":null} []
[2026-02-10T05:08:09.418469+01:00] app.DEBUG: 여기까지 실행됨 [] []
[2026-02-10T05:08:09.419637+01:00] app.ERROR: 에러 발생 {"id":null} []
[2026-02-10T05:08:09.641357+01:00] app.DEBUG: 여기까지 실행됨 [] []
[2026-02-10T05:08:09.642462+01:00] app.ERROR: 에러 발생 {"id":null} []
[2026-02-10T05:08:09.862744+01:00] app.DEBUG: 여기까지 실행됨 [] []
[2026-02-10T05:08:09.863904+01:00] app.ERROR: 에러 발생 {"id":null} []
[2026-02-10T05:10:14.857523+01:00] app.DEBUG: 여기까지 실행됨 [] []
[2026-02-10T05:10:14.858872+01:00] app.ERROR: 에러 발생 [] []
[2026-02-10T05:10:15.510436+01:00] app.DEBUG: 여기까지 실행됨 [] []
[2026-02-10T05:10:15.511665+01:00] app.ERROR: 에러 발생 [] []
[2026-02-10T05:10:15.938040+01:00] app.DEBUG: 여기까지 실행됨 [] []
[2026-02-10T05:10:15.939091+01:00] app.ERROR: 에러 발생 [] []
[2026-02-10T05:10:19.504581+01:00] app.DEBUG: 여기까지 실행됨 [] []
[2026-02-10T05:10:19.505632+01:00] app.ERROR: 에러 발생 [] []
[2026-02-10T05:10:19.959808+01:00] app.DEBUG: 여기까지 실행됨 [] []
[2026-02-10T05:10:19.960823+01:00] app.ERROR: 에러 발생 [] []
[2026-02-10T05:10:20.397629+01:00] app.DEBUG: 여기까지 실행됨 [] []
[2026-02-10T05:10:20.398640+01:00] app.ERROR: 에러 발생 [] []
[2026-02-10T05:10:20.803138+01:00] app.DEBUG: 여기까지 실행됨 [] []
[2026-02-10T05:10:20.804133+01:00] app.ERROR: 에러 발생 [] []
[2026-02-10T05:10:21.293335+01:00] app.DEBUG: 여기까지 실행됨 [] []
[2026-02-10T05:10:21.294448+01:00] app.ERROR: 에러 발생 [] []
[2026-02-10T05:10:21.988311+01:00] app.DEBUG: 여기까지 실행됨 [] []
[2026-02-10T05:10:21.989306+01:00] app.ERROR: 에러 발생 [] []
[2026-02-10T05:10:22.282488+01:00] app.DEBUG: 여기까지 실행됨 [] []
[2026-02-10T05:10:22.283491+01:00] app.ERROR: 에러 발생 [] []
[2026-02-10T05:10:22.542807+01:00] app.DEBUG: 여기까지 실행됨 [] []
[2026-02-10T05:10:22.543806+01:00] app.ERROR: 에러 발생 [] []
[2026-02-10T05:10:22.770807+01:00] app.DEBUG: 여기까지 실행됨 [] []
[2026-02-10T05:10:22.771756+01:00] app.ERROR: 에러 발생 [] []
[2026-02-10T05:10:23.019265+01:00] app.DEBUG: 여기까지 실행됨 [] []
[2026-02-10T05:10:23.020267+01:00] app.ERROR: 에러 발생 [] []
[2026-02-10T05:11:03.390078+01:00] app.DEBUG: bootstrap loaded [] []
[2026-02-10T05:11:03.859322+01:00] app.DEBUG: bootstrap loaded [] []
[2026-02-10T05:11:04.172309+01:00] app.DEBUG: bootstrap loaded [] []
[2026-02-10T05:11:04.430311+01:00] app.DEBUG: bootstrap loaded [] []
[2026-02-10T05:11:04.723087+01:00] app.DEBUG: bootstrap loaded [] []
[2026-02-10T05:11:05.052600+01:00] app.DEBUG: bootstrap loaded [] []
[2026-02-10T05:11:05.449776+01:00] app.DEBUG: bootstrap loaded [] []
[2026-02-10T05:18:41.884840+01:00] app.DEBUG: bootstrap loaded [] []
[2026-02-10T05:18:42.182181+01:00] app.DEBUG: bootstrap loaded [] []
[2026-02-10T05:18:42.422323+01:00] app.DEBUG: bootstrap loaded [] []
[2026-02-10T05:19:06.187651+01:00] app.DEBUG: bootstrap loaded [] []
[2026-02-10T05:19:06.445814+01:00] app.DEBUG: bootstrap loaded [] []
[2026-02-10T05:19:06.662695+01:00] app.DEBUG: bootstrap loaded [] []
[2026-02-10T05:19:06.891321+01:00] app.DEBUG: bootstrap loaded [] []
[2026-02-10T05:19:07.116144+01:00] app.DEBUG: bootstrap loaded [] []
[2026-02-10T05:19:07.398614+01:00] app.DEBUG: bootstrap loaded [] []
[2026-02-10T05:19:07.645005+01:00] app.DEBUG: bootstrap loaded [] []
[2026-02-10T05:19:07.863390+01:00] app.DEBUG: bootstrap loaded [] []
[2026-02-10T05:19:08.085074+01:00] app.DEBUG: bootstrap loaded [] []
[2026-02-10T05:19:08.321898+01:00] app.DEBUG: bootstrap loaded [] []
[2026-02-10T05:19:08.589604+01:00] app.DEBUG: bootstrap loaded [] []
[2026-02-10T05:19:08.905662+01:00] app.DEBUG: bootstrap loaded [] []
[2026-02-10T05:21:19.767606+01:00] app.DEBUG: bootstrap loadedsadasdsd [] []
[2026-02-10T05:21:20.020393+01:00] app.DEBUG: bootstrap loadedsadasdsd [] []
[2026-02-10T05:21:20.236608+01:00] app.DEBUG: bootstrap loadedsadasdsd [] []
[2026-02-10T05:21:20.458677+01:00] app.DEBUG: bootstrap loadedsadasdsd [] []
[2026-02-10T05:21:20.661281+01:00] app.DEBUG: bootstrap loadedsadasdsd [] []
[2026-02-10T05:21:20.856227+01:00] app.DEBUG: bootstrap loadedsadasdsd [] []
[2026-02-10T05:21:21.103726+01:00] app.DEBUG: bootstrap loadedsadasdsd [] []
[2026-02-10T05:21:21.334039+01:00] app.DEBUG: bootstrap loadedsadasdsd [] []
[2026-02-10T05:21:21.534797+01:00] app.DEBUG: bootstrap loadedsadasdsd [] []
[2026-02-10T05:21:21.726135+01:00] app.DEBUG: bootstrap loadedsadasdsd [] []
[2026-02-10T05:21:22.463047+01:00] app.DEBUG: bootstrap loadedsadasdsd [] []
[2026-02-10T05:21:31.384740+01:00] app.DEBUG: bootstrap loadedsadasdsd [] []
[2026-02-10T05:21:31.627820+01:00] app.DEBUG: bootstrap loadedsadasdsd [] []
[2026-02-10T05:21:31.804031+01:00] app.DEBUG: bootstrap loadedsadasdsd [] []
[2026-02-10T05:21:31.991522+01:00] app.DEBUG: bootstrap loadedsadasdsd [] []
[2026-02-10T05:37:34.204229+01:00] app.DEBUG: bootstrap loadedsadasdsd [] []
[2026-02-10T05:37:34.205699+01:00] app.ERROR: require_once(C:\xampp\htdocs\www/bootstrap/appttd.php): Failed to open stream: No such file or directory {"file":"C:\\xampp\\htdocs\\www\\auth\\login.php","line":3,"severity":2} []
[2026-02-10T05:37:34.205753+01:00] app.CRITICAL: Failed opening required 'C:\xampp\htdocs\www/bootstrap/appttd.php' (include_path='C:\xampp\php\PEAR') {"file":"C:\\xampp\\htdocs\\www\\auth\\login.php","line":3,"trace":"#0 {main}"} []
[2026-02-10T06:05:13.836486+01:00] app.DEBUG: bootstrap loadedsadasdsd [] []
[2026-02-10T06:05:13.838106+01:00] app.ERROR: require_once(C:\xampp\htdocs\www/bootstrap/appttd.php): Failed to open stream: No such file or directory {"file":"C:\\xampp\\htdocs\\www\\auth\\login.php","line":3,"severity":2} []
[2026-02-10T06:05:13.838165+01:00] app.CRITICAL: Failed opening required 'C:\xampp\htdocs\www/bootstrap/appttd.php' (include_path='C:\xampp\php\PEAR') {"file":"C:\\xampp\\htdocs\\www\\auth\\login.php","line":3,"trace":"#0 {main}"} []
[2026-02-10T06:05:28.948590+01:00] app.DEBUG: bootstrap loadedsadasdsd [] []
[2026-02-10T06:07:13.554641+01:00] app.DEBUG: bootstrap loadedsadasdsd [] []
[2026-02-10T06:09:36.667239+01:00] app.DEBUG: bootstrap loadedsadasdsd [] []
[2026-02-10T06:09:37.037004+01:00] app.DEBUG: bootstrap loadedsadasdsd [] []
[2026-02-10T06:09:39.549634+01:00] app.DEBUG: bootstrap loadedsadasdsd [] []
